2024-06-26 20:33:52,784 - logger - ERROR - The path to the model pre-trained weights you indicated does not exist.
2024-06-26 22:49:02,853 - logger - INFO - cumulative_ratio_correct_homographies_per_iter, 1.0, 0
2024-06-26 22:49:02,854 - logger - INFO - cumulative_ratio_acceptable_homographies_per_iter 0.2, 0
2024-06-26 22:49:02,855 - logger - INFO - cumulative_average_number_of_kp_per_iter 4203.6, 0
2024-06-26 22:49:02,855 - logger - INFO - cumulative_average_number_of_tp_per_iter 1841.2, 0
2024-06-26 22:49:02,855 - logger - INFO - cumulative_repeatability_per_iter, 0.3093113077732442, 0
2024-06-26 22:49:13,173 - logger - INFO - cumulative_ratio_correct_homographies_per_iter, 1.0, 1
2024-06-26 22:49:13,173 - logger - INFO - cumulative_ratio_acceptable_homographies_per_iter 0.2, 1
2024-06-26 22:49:13,173 - logger - INFO - cumulative_average_number_of_kp_per_iter 4252.5, 1
2024-06-26 22:49:13,173 - logger - INFO - cumulative_average_number_of_tp_per_iter 1820.4, 1
2024-06-26 22:49:13,173 - logger - INFO - cumulative_repeatability_per_iter, 0.30142356600574916, 1
2024-06-26 22:49:23,471 - logger - INFO - cumulative_ratio_correct_homographies_per_iter, 1.0, 2
2024-06-26 22:49:23,471 - logger - INFO - cumulative_ratio_acceptable_homographies_per_iter 0.2, 2
2024-06-26 22:49:23,471 - logger - INFO - cumulative_average_number_of_kp_per_iter 4363.933333333333, 2
2024-06-26 22:49:23,471 - logger - INFO - cumulative_average_number_of_tp_per_iter 1842.8666666666666, 2
2024-06-26 22:49:23,471 - logger - INFO - cumulative_repeatability_per_iter, 0.3011362294167637, 2
2024-06-26 22:49:33,927 - logger - INFO - cumulative_ratio_correct_homographies_per_iter, 1.0, 3
2024-06-26 22:49:33,927 - logger - INFO - cumulative_ratio_acceptable_homographies_per_iter 0.2, 3
2024-06-26 22:49:33,927 - logger - INFO - cumulative_average_number_of_kp_per_iter 4518.0, 3
2024-06-26 22:49:33,927 - logger - INFO - cumulative_average_number_of_tp_per_iter 2028.1, 3
2024-06-26 22:49:33,927 - logger - INFO - cumulative_repeatability_per_iter, 0.31047974141887563, 3
2024-06-26 22:49:45,028 - logger - INFO - cumulative_ratio_correct_homographies_per_iter, 1.0, 4
2024-06-26 22:49:45,028 - logger - INFO - cumulative_ratio_acceptable_homographies_per_iter 0.2, 4
2024-06-26 22:49:45,028 - logger - INFO - cumulative_average_number_of_kp_per_iter 4737.16, 4
2024-06-26 22:49:45,028 - logger - INFO - cumulative_average_number_of_tp_per_iter 2231.08, 4
2024-06-26 22:49:45,028 - logger - INFO - cumulative_repeatability_per_iter, 0.31713673215723026, 4
2024-06-26 22:49:56,095 - logger - INFO - cumulative_ratio_correct_homographies_per_iter, 1.0, 5
2024-06-26 22:49:56,095 - logger - INFO - cumulative_ratio_acceptable_homographies_per_iter 0.2, 5
2024-06-26 22:49:56,095 - logger - INFO - cumulative_average_number_of_kp_per_iter 4926.133333333333, 5
2024-06-26 22:49:56,095 - logger - INFO - cumulative_average_number_of_tp_per_iter 2429.0333333333333, 5
2024-06-26 22:49:56,095 - logger - INFO - cumulative_repeatability_per_iter, 0.32318189935093966, 5
2024-06-26 22:50:07,336 - logger - INFO - cumulative_ratio_correct_homographies_per_iter, 1.0, 6
2024-06-26 22:50:07,336 - logger - INFO - cumulative_ratio_acceptable_homographies_per_iter 0.2, 6
2024-06-26 22:50:07,336 - logger - INFO - cumulative_average_number_of_kp_per_iter 5084.714285714285, 6
2024-06-26 22:50:07,336 - logger - INFO - cumulative_average_number_of_tp_per_iter 2597.6, 6
2024-06-26 22:50:07,336 - logger - INFO - cumulative_repeatability_per_iter, 0.33038110744802157, 6
2024-06-26 22:50:19,136 - logger - INFO - cumulative_ratio_correct_homographies_per_iter, 1.0, 7
2024-06-26 22:50:19,136 - logger - INFO - cumulative_ratio_acceptable_homographies_per_iter 0.2, 7
2024-06-26 22:50:19,136 - logger - INFO - cumulative_average_number_of_kp_per_iter 5263.5, 7
2024-06-26 22:50:19,136 - logger - INFO - cumulative_average_number_of_tp_per_iter 2799.325, 7
2024-06-26 22:50:19,136 - logger - INFO - cumulative_repeatability_per_iter, 0.3385314520315192, 7
2024-06-26 22:50:31,800 - logger - INFO - cumulative_ratio_correct_homographies_per_iter, 1.0, 8
2024-06-26 22:50:31,800 - logger - INFO - cumulative_ratio_acceptable_homographies_per_iter 0.2, 8
2024-06-26 22:50:31,800 - logger - INFO - cumulative_average_number_of_kp_per_iter 5427.022222222222, 8
2024-06-26 22:50:31,800 - logger - INFO - cumulative_average_number_of_tp_per_iter 2958.6, 8
2024-06-26 22:50:31,800 - logger - INFO - cumulative_repeatability_per_iter, 0.34041593754198585, 8
2024-06-26 22:50:44,094 - logger - INFO - cumulative_ratio_correct_homographies_per_iter, 1.0, 9
2024-06-26 22:50:44,095 - logger - INFO - cumulative_ratio_acceptable_homographies_per_iter 0.2, 9
2024-06-26 22:50:44,095 - logger - INFO - cumulative_average_number_of_kp_per_iter 5552.58, 9
2024-06-26 22:50:44,095 - logger - INFO - cumulative_average_number_of_tp_per_iter 3103.52, 9
2024-06-26 22:50:44,095 - logger - INFO - cumulative_repeatability_per_iter, 0.3472988946716669, 9
2024-06-26 22:50:58,193 - logger - INFO - cumulative_ratio_correct_homographies_per_iter, 1.0, 10
2024-06-26 22:50:58,194 - logger - INFO - cumulative_ratio_acceptable_homographies_per_iter 0.2, 10
2024-06-26 22:50:58,194 - logger - INFO - cumulative_average_number_of_kp_per_iter 5667.145454545454, 10
2024-06-26 22:50:58,194 - logger - INFO - cumulative_average_number_of_tp_per_iter 3204.7090909090907, 10
2024-06-26 22:50:58,194 - logger - INFO - cumulative_repeatability_per_iter, 0.3505521700387354, 10
2024-06-26 22:51:12,952 - logger - INFO - cumulative_ratio_correct_homographies_per_iter, 1.0, 11
2024-06-26 22:51:12,952 - logger - INFO - cumulative_ratio_acceptable_homographies_per_iter 0.2, 11
2024-06-26 22:51:12,952 - logger - INFO - cumulative_average_number_of_kp_per_iter 5745.383333333333, 11
2024-06-26 22:51:12,952 - logger - INFO - cumulative_average_number_of_tp_per_iter 3303.0, 11
2024-06-26 22:51:12,952 - logger - INFO - cumulative_repeatability_per_iter, 0.3560436069264417, 11
2024-06-26 22:51:26,608 - logger - INFO - cumulative_ratio_correct_homographies_per_iter, 1.0, 12
2024-06-26 22:51:26,609 - logger - INFO - cumulative_ratio_acceptable_homographies_per_iter 0.2, 12
2024-06-26 22:51:26,609 - logger - INFO - cumulative_average_number_of_kp_per_iter 5826.430769230769, 12
2024-06-26 22:51:26,609 - logger - INFO - cumulative_average_number_of_tp_per_iter 3360.846153846154, 12
2024-06-26 22:51:26,609 - logger - INFO - cumulative_repeatability_per_iter, 0.3584963010855193, 12
2024-06-26 22:51:41,899 - logger - INFO - cumulative_ratio_correct_homographies_per_iter, 1.0, 13
2024-06-26 22:51:41,900 - logger - INFO - cumulative_ratio_acceptable_homographies_per_iter 0.2, 13
2024-06-26 22:51:41,900 - logger - INFO - cumulative_average_number_of_kp_per_iter 5884.357142857143, 13
2024-06-26 22:51:41,900 - logger - INFO - cumulative_average_number_of_tp_per_iter 3434.5857142857144, 13
2024-06-26 22:51:41,900 - logger - INFO - cumulative_repeatability_per_iter, 0.36079878384152586, 13
2024-06-26 22:51:56,926 - logger - INFO - cumulative_ratio_correct_homographies_per_iter, 1.0, 14
2024-06-26 22:51:56,927 - logger - INFO - cumulative_ratio_acceptable_homographies_per_iter 0.2, 14
2024-06-26 22:51:56,927 - logger - INFO - cumulative_average_number_of_kp_per_iter 5911.746666666667, 14
2024-06-26 22:51:56,927 - logger - INFO - cumulative_average_number_of_tp_per_iter 3469.5466666666666, 14
2024-06-26 22:51:56,927 - logger - INFO - cumulative_repeatability_per_iter, 0.36353176431865697, 14
2024-06-26 22:52:10,280 - logger - INFO - cumulative_ratio_correct_homographies_per_iter, 1.0, 15
2024-06-26 22:52:10,280 - logger - INFO - cumulative_ratio_acceptable_homographies_per_iter 0.2, 15
2024-06-26 22:52:10,280 - logger - INFO - cumulative_average_number_of_kp_per_iter 5927.2625, 15
2024-06-26 22:52:10,280 - logger - INFO - cumulative_average_number_of_tp_per_iter 3474.8625, 15
2024-06-26 22:52:10,280 - logger - INFO - cumulative_repeatability_per_iter, 0.3645174128996048, 15
2024-06-26 22:52:24,528 - logger - INFO - cumulative_ratio_correct_homographies_per_iter, 1.0, 16
2024-06-26 22:52:24,529 - logger - INFO - cumulative_ratio_acceptable_homographies_per_iter 0.2, 16
2024-06-26 22:52:24,529 - logger - INFO - cumulative_average_number_of_kp_per_iter 5947.2588235294115, 16
2024-06-26 22:52:24,529 - logger - INFO - cumulative_average_number_of_tp_per_iter 3497.141176470588, 16
2024-06-26 22:52:24,529 - logger - INFO - cumulative_repeatability_per_iter, 0.3686977463394831, 16
2024-06-26 22:52:36,513 - logger - INFO - cumulative_ratio_correct_homographies_per_iter, 1.0, 17
2024-06-26 22:52:36,514 - logger - INFO - cumulative_ratio_acceptable_homographies_per_iter 0.2, 17
2024-06-26 22:52:36,514 - logger - INFO - cumulative_average_number_of_kp_per_iter 5959.711111111111, 17
2024-06-26 22:52:36,514 - logger - INFO - cumulative_average_number_of_tp_per_iter 3502.3555555555554, 17
2024-06-26 22:52:36,514 - logger - INFO - cumulative_repeatability_per_iter, 0.36977526460852683, 17
2024-06-26 22:52:49,290 - logger - INFO - cumulative_ratio_correct_homographies_per_iter, 1.0, 18
2024-06-26 22:52:49,291 - logger - INFO - cumulative_ratio_acceptable_homographies_per_iter 0.2, 18
2024-06-26 22:52:49,291 - logger - INFO - cumulative_average_number_of_kp_per_iter 5978.126315789474, 18
2024-06-26 22:52:49,291 - logger - INFO - cumulative_average_number_of_tp_per_iter 3526.8947368421054, 18
2024-06-26 22:52:49,291 - logger - INFO - cumulative_repeatability_per_iter, 0.36903283286388466, 18
2024-06-26 22:52:54,001 - logger - INFO - cumulative_ratio_correct_homographies_per_iter, 1.0, 19
2024-06-26 22:52:54,001 - logger - INFO - cumulative_ratio_acceptable_homographies_per_iter 0.20833333333333334, 19
2024-06-26 22:52:54,001 - logger - INFO - cumulative_average_number_of_kp_per_iter 5982.458333333333, 19
2024-06-26 22:52:54,001 - logger - INFO - cumulative_average_number_of_tp_per_iter 3525.375, 19
2024-06-26 22:52:54,001 - logger - INFO - cumulative_repeatability_per_iter, 0.3691462941917849, 19
2024-06-26 22:53:40,961 - logger - INFO - cumulative_ratio_correct_homographies_per_iter, 1.0, 0
2024-06-26 22:53:40,961 - logger - INFO - cumulative_ratio_acceptable_homographies_per_iter, 0.2, 0
2024-06-26 22:53:40,961 - logger - INFO - cumulative_average_number_of_kp_per_iter, 7841.8, 0
2024-06-26 22:53:40,961 - logger - INFO - cumulative_average_number_of_tp_per_iter, 5020.0, 0
2024-06-26 22:53:40,961 - logger - INFO - cumulative_repeatability_per_iter, 0.4349482993994787, 0
2024-06-26 22:53:51,504 - logger - INFO - cumulative_ratio_correct_homographies_per_iter, 1.0, 1
2024-06-26 22:53:51,505 - logger - INFO - cumulative_ratio_acceptable_homographies_per_iter, 0.2, 1
2024-06-26 22:53:51,505 - logger - INFO - cumulative_average_number_of_kp_per_iter, 7846.0, 1
2024-06-26 22:53:51,505 - logger - INFO - cumulative_average_number_of_tp_per_iter, 5169.9, 1
2024-06-26 22:53:51,505 - logger - INFO - cumulative_repeatability_per_iter, 0.4429659529707591, 1
2024-06-26 22:54:01,868 - logger - INFO - cumulative_ratio_correct_homographies_per_iter, 1.0, 2
2024-06-26 22:54:01,869 - logger - INFO - cumulative_ratio_acceptable_homographies_per_iter, 0.2, 2
2024-06-26 22:54:01,869 - logger - INFO - cumulative_average_number_of_kp_per_iter, 7845.866666666667, 2
2024-06-26 22:54:01,869 - logger - INFO - cumulative_average_number_of_tp_per_iter, 5052.866666666667, 2
2024-06-26 22:54:01,869 - logger - INFO - cumulative_repeatability_per_iter, 0.44215628362514797, 2
2024-06-26 22:54:13,721 - logger - INFO - cumulative_ratio_correct_homographies_per_iter, 1.0, 3
2024-06-26 22:54:13,725 - logger - INFO - cumulative_ratio_acceptable_homographies_per_iter, 0.2, 3
2024-06-26 22:54:13,725 - logger - INFO - cumulative_average_number_of_kp_per_iter, 7845.8, 3
2024-06-26 22:54:13,725 - logger - INFO - cumulative_average_number_of_tp_per_iter, 5040.25, 3
2024-06-26 22:54:13,725 - logger - INFO - cumulative_repeatability_per_iter, 0.4519189539155947, 3
2024-06-26 23:03:18,119 - logger - INFO - cumulative_ratio_correct_homographies_per_iter, 1.0, 0
2024-06-26 23:03:18,121 - logger - INFO - cumulative_ratio_acceptable_homographies_per_iter 0.2, 0
2024-06-26 23:03:18,121 - logger - INFO - cumulative_average_number_of_kp_per_iter 4203.6, 0
2024-06-26 23:03:18,121 - logger - INFO - cumulative_average_number_of_tp_per_iter 1841.2, 0
2024-06-26 23:03:18,121 - logger - INFO - cumulative_repeatability_per_iter, 0.3093113077732442, 0
2024-06-26 23:03:28,788 - logger - INFO - cumulative_ratio_correct_homographies_per_iter, 1.0, 1
2024-06-26 23:03:28,788 - logger - INFO - cumulative_ratio_acceptable_homographies_per_iter 0.2, 1
2024-06-26 23:03:28,788 - logger - INFO - cumulative_average_number_of_kp_per_iter 4252.5, 1
2024-06-26 23:03:28,788 - logger - INFO - cumulative_average_number_of_tp_per_iter 1820.4, 1
2024-06-26 23:03:28,788 - logger - INFO - cumulative_repeatability_per_iter, 0.30142356600574916, 1
2024-06-26 23:03:38,040 - logger - INFO - cumulative_ratio_correct_homographies_per_iter, 1.0, 2
2024-06-26 23:03:38,041 - logger - INFO - cumulative_ratio_acceptable_homographies_per_iter 0.2, 2
2024-06-26 23:03:38,041 - logger - INFO - cumulative_average_number_of_kp_per_iter 4363.933333333333, 2
2024-06-26 23:03:38,041 - logger - INFO - cumulative_average_number_of_tp_per_iter 1842.8666666666666, 2
2024-06-26 23:03:38,041 - logger - INFO - cumulative_repeatability_per_iter, 0.3011362294167637, 2
2024-06-26 23:03:47,886 - logger - INFO - cumulative_ratio_correct_homographies_per_iter, 1.0, 3
2024-06-26 23:03:47,886 - logger - INFO - cumulative_ratio_acceptable_homographies_per_iter 0.2, 3
2024-06-26 23:03:47,886 - logger - INFO - cumulative_average_number_of_kp_per_iter 4518.0, 3
2024-06-26 23:03:47,886 - logger - INFO - cumulative_average_number_of_tp_per_iter 2028.1, 3
2024-06-26 23:03:47,886 - logger - INFO - cumulative_repeatability_per_iter, 0.31047974141887563, 3
2024-06-26 23:03:59,428 - logger - INFO - cumulative_ratio_correct_homographies_per_iter, 1.0, 4
2024-06-26 23:03:59,429 - logger - INFO - cumulative_ratio_acceptable_homographies_per_iter 0.2, 4
2024-06-26 23:03:59,429 - logger - INFO - cumulative_average_number_of_kp_per_iter 4737.16, 4
2024-06-26 23:03:59,429 - logger - INFO - cumulative_average_number_of_tp_per_iter 2231.08, 4
2024-06-26 23:03:59,429 - logger - INFO - cumulative_repeatability_per_iter, 0.31713673215723026, 4
2024-06-26 23:04:10,641 - logger - INFO - cumulative_ratio_correct_homographies_per_iter, 1.0, 5
2024-06-26 23:04:10,643 - logger - INFO - cumulative_ratio_acceptable_homographies_per_iter 0.2, 5
2024-06-26 23:04:10,643 - logger - INFO - cumulative_average_number_of_kp_per_iter 4926.133333333333, 5
2024-06-26 23:04:10,643 - logger - INFO - cumulative_average_number_of_tp_per_iter 2429.0333333333333, 5
2024-06-26 23:04:10,643 - logger - INFO - cumulative_repeatability_per_iter, 0.32318189935093966, 5
2024-06-26 23:04:22,659 - logger - INFO - cumulative_ratio_correct_homographies_per_iter, 1.0, 6
2024-06-26 23:04:22,660 - logger - INFO - cumulative_ratio_acceptable_homographies_per_iter 0.2, 6
2024-06-26 23:04:22,660 - logger - INFO - cumulative_average_number_of_kp_per_iter 5084.714285714285, 6
2024-06-26 23:04:22,660 - logger - INFO - cumulative_average_number_of_tp_per_iter 2597.6, 6
2024-06-26 23:04:22,661 - logger - INFO - cumulative_repeatability_per_iter, 0.33038110744802157, 6
2024-06-26 23:04:35,041 - logger - INFO - cumulative_ratio_correct_homographies_per_iter, 1.0, 7
2024-06-26 23:04:35,042 - logger - INFO - cumulative_ratio_acceptable_homographies_per_iter 0.2, 7
2024-06-26 23:04:35,042 - logger - INFO - cumulative_average_number_of_kp_per_iter 5263.5, 7
2024-06-26 23:04:35,043 - logger - INFO - cumulative_average_number_of_tp_per_iter 2799.325, 7
2024-06-26 23:04:35,043 - logger - INFO - cumulative_repeatability_per_iter, 0.3385314520315192, 7
2024-06-26 23:04:47,651 - logger - INFO - cumulative_ratio_correct_homographies_per_iter, 1.0, 8
2024-06-26 23:04:47,652 - logger - INFO - cumulative_ratio_acceptable_homographies_per_iter 0.2, 8
2024-06-26 23:04:47,652 - logger - INFO - cumulative_average_number_of_kp_per_iter 5427.022222222222, 8
2024-06-26 23:04:47,652 - logger - INFO - cumulative_average_number_of_tp_per_iter 2958.6, 8
2024-06-26 23:04:47,652 - logger - INFO - cumulative_repeatability_per_iter, 0.34041593754198585, 8
2024-06-26 23:04:59,491 - logger - INFO - cumulative_ratio_correct_homographies_per_iter, 1.0, 9
2024-06-26 23:04:59,493 - logger - INFO - cumulative_ratio_acceptable_homographies_per_iter 0.2, 9
2024-06-26 23:04:59,493 - logger - INFO - cumulative_average_number_of_kp_per_iter 5552.58, 9
2024-06-26 23:04:59,493 - logger - INFO - cumulative_average_number_of_tp_per_iter 3103.52, 9
2024-06-26 23:04:59,493 - logger - INFO - cumulative_repeatability_per_iter, 0.3472988946716669, 9
2024-06-26 23:05:11,367 - logger - INFO - cumulative_ratio_correct_homographies_per_iter, 1.0, 10
2024-06-26 23:05:11,368 - logger - INFO - cumulative_ratio_acceptable_homographies_per_iter 0.2, 10
2024-06-26 23:05:11,368 - logger - INFO - cumulative_average_number_of_kp_per_iter 5667.145454545454, 10
2024-06-26 23:05:11,368 - logger - INFO - cumulative_average_number_of_tp_per_iter 3204.7090909090907, 10
2024-06-26 23:05:11,368 - logger - INFO - cumulative_repeatability_per_iter, 0.3505521700387354, 10
2024-06-26 23:05:23,715 - logger - INFO - cumulative_ratio_correct_homographies_per_iter, 1.0, 11
2024-06-26 23:05:23,715 - logger - INFO - cumulative_ratio_acceptable_homographies_per_iter 0.2, 11
2024-06-26 23:05:23,715 - logger - INFO - cumulative_average_number_of_kp_per_iter 5745.383333333333, 11
2024-06-26 23:05:23,715 - logger - INFO - cumulative_average_number_of_tp_per_iter 3303.0, 11
2024-06-26 23:05:23,715 - logger - INFO - cumulative_repeatability_per_iter, 0.3560436069264417, 11
2024-06-26 23:05:35,491 - logger - INFO - cumulative_ratio_correct_homographies_per_iter, 1.0, 12
2024-06-26 23:05:35,493 - logger - INFO - cumulative_ratio_acceptable_homographies_per_iter 0.2, 12
2024-06-26 23:05:35,493 - logger - INFO - cumulative_average_number_of_kp_per_iter 5826.430769230769, 12
2024-06-26 23:05:35,493 - logger - INFO - cumulative_average_number_of_tp_per_iter 3360.846153846154, 12
2024-06-26 23:05:35,493 - logger - INFO - cumulative_repeatability_per_iter, 0.3584963010855193, 12
2024-06-26 23:05:47,715 - logger - INFO - cumulative_ratio_correct_homographies_per_iter, 1.0, 13
2024-06-26 23:05:47,716 - logger - INFO - cumulative_ratio_acceptable_homographies_per_iter 0.2, 13
2024-06-26 23:05:47,716 - logger - INFO - cumulative_average_number_of_kp_per_iter 5884.357142857143, 13
2024-06-26 23:05:47,716 - logger - INFO - cumulative_average_number_of_tp_per_iter 3434.5857142857144, 13
2024-06-26 23:05:47,716 - logger - INFO - cumulative_repeatability_per_iter, 0.36079878384152586, 13
2024-06-26 23:05:59,241 - logger - INFO - cumulative_ratio_correct_homographies_per_iter, 1.0, 14
2024-06-26 23:05:59,242 - logger - INFO - cumulative_ratio_acceptable_homographies_per_iter 0.2, 14
2024-06-26 23:05:59,242 - logger - INFO - cumulative_average_number_of_kp_per_iter 5911.746666666667, 14
2024-06-26 23:05:59,242 - logger - INFO - cumulative_average_number_of_tp_per_iter 3469.5466666666666, 14
2024-06-26 23:05:59,242 - logger - INFO - cumulative_repeatability_per_iter, 0.36353176431865697, 14
2024-06-26 23:06:10,368 - logger - INFO - cumulative_ratio_correct_homographies_per_iter, 1.0, 15
2024-06-26 23:06:10,369 - logger - INFO - cumulative_ratio_acceptable_homographies_per_iter 0.2, 15
2024-06-26 23:06:10,369 - logger - INFO - cumulative_average_number_of_kp_per_iter 5927.2625, 15
2024-06-26 23:06:10,369 - logger - INFO - cumulative_average_number_of_tp_per_iter 3474.8625, 15
2024-06-26 23:06:10,369 - logger - INFO - cumulative_repeatability_per_iter, 0.3645174128996048, 15
2024-06-26 23:06:22,011 - logger - INFO - cumulative_ratio_correct_homographies_per_iter, 1.0, 16
2024-06-26 23:06:22,012 - logger - INFO - cumulative_ratio_acceptable_homographies_per_iter 0.2, 16
2024-06-26 23:06:22,012 - logger - INFO - cumulative_average_number_of_kp_per_iter 5947.2588235294115, 16
2024-06-26 23:06:22,012 - logger - INFO - cumulative_average_number_of_tp_per_iter 3497.141176470588, 16
2024-06-26 23:06:22,012 - logger - INFO - cumulative_repeatability_per_iter, 0.3686977463394831, 16
2024-06-26 23:06:33,058 - logger - INFO - cumulative_ratio_correct_homographies_per_iter, 1.0, 17
2024-06-26 23:06:33,059 - logger - INFO - cumulative_ratio_acceptable_homographies_per_iter 0.2, 17
2024-06-26 23:06:33,059 - logger - INFO - cumulative_average_number_of_kp_per_iter 5959.711111111111, 17
2024-06-26 23:06:33,059 - logger - INFO - cumulative_average_number_of_tp_per_iter 3502.3555555555554, 17
2024-06-26 23:06:33,059 - logger - INFO - cumulative_repeatability_per_iter, 0.36977526460852683, 17
2024-06-26 23:06:45,446 - logger - INFO - cumulative_ratio_correct_homographies_per_iter, 1.0, 18
2024-06-26 23:06:45,447 - logger - INFO - cumulative_ratio_acceptable_homographies_per_iter 0.2, 18
2024-06-26 23:06:45,447 - logger - INFO - cumulative_average_number_of_kp_per_iter 5978.126315789474, 18
2024-06-26 23:06:45,447 - logger - INFO - cumulative_average_number_of_tp_per_iter 3526.8947368421054, 18
2024-06-26 23:06:45,447 - logger - INFO - cumulative_repeatability_per_iter, 0.36903283286388466, 18
2024-06-26 23:06:50,124 - logger - INFO - cumulative_ratio_correct_homographies_per_iter, 1.0, 19
2024-06-26 23:06:50,124 - logger - INFO - cumulative_ratio_acceptable_homographies_per_iter 0.20833333333333334, 19
2024-06-26 23:06:50,124 - logger - INFO - cumulative_average_number_of_kp_per_iter 5982.458333333333, 19
2024-06-26 23:06:50,124 - logger - INFO - cumulative_average_number_of_tp_per_iter 3525.375, 19
2024-06-26 23:06:50,124 - logger - INFO - cumulative_repeatability_per_iter, 0.3691462941917849, 19
2024-06-26 23:07:35,465 - logger - INFO - cumulative_ratio_correct_homographies_per_iter, 1.0, 0
2024-06-26 23:07:35,466 - logger - INFO - cumulative_ratio_acceptable_homographies_per_iter, 0.2, 0
2024-06-26 23:07:35,466 - logger - INFO - cumulative_average_number_of_kp_per_iter, 7841.8, 0
2024-06-26 23:07:35,466 - logger - INFO - cumulative_average_number_of_tp_per_iter, 5020.0, 0
2024-06-26 23:07:35,466 - logger - INFO - cumulative_repeatability_per_iter, 0.4349482993994787, 0
2024-06-26 23:07:45,854 - logger - INFO - cumulative_ratio_correct_homographies_per_iter, 1.0, 1
2024-06-26 23:07:45,855 - logger - INFO - cumulative_ratio_acceptable_homographies_per_iter, 0.2, 1
2024-06-26 23:07:45,855 - logger - INFO - cumulative_average_number_of_kp_per_iter, 7846.0, 1
2024-06-26 23:07:45,855 - logger - INFO - cumulative_average_number_of_tp_per_iter, 5169.9, 1
2024-06-26 23:07:45,855 - logger - INFO - cumulative_repeatability_per_iter, 0.4429659529707591, 1
2024-06-26 23:07:57,162 - logger - INFO - cumulative_ratio_correct_homographies_per_iter, 1.0, 2
2024-06-26 23:07:57,163 - logger - INFO - cumulative_ratio_acceptable_homographies_per_iter, 0.2, 2
2024-06-26 23:07:57,163 - logger - INFO - cumulative_average_number_of_kp_per_iter, 7845.866666666667, 2
2024-06-26 23:07:57,163 - logger - INFO - cumulative_average_number_of_tp_per_iter, 5052.866666666667, 2
2024-06-26 23:07:57,163 - logger - INFO - cumulative_repeatability_per_iter, 0.44215628362514797, 2
2024-06-26 23:08:07,234 - logger - INFO - cumulative_ratio_correct_homographies_per_iter, 1.0, 3
2024-06-26 23:08:07,234 - logger - INFO - cumulative_ratio_acceptable_homographies_per_iter, 0.2, 3
2024-06-26 23:08:07,234 - logger - INFO - cumulative_average_number_of_kp_per_iter, 7845.8, 3
2024-06-26 23:08:07,234 - logger - INFO - cumulative_average_number_of_tp_per_iter, 5040.25, 3
2024-06-26 23:08:07,234 - logger - INFO - cumulative_repeatability_per_iter, 0.4519189539155947, 3
2024-06-26 23:08:17,186 - logger - INFO - cumulative_ratio_correct_homographies_per_iter, 1.0, 4
2024-06-26 23:08:17,186 - logger - INFO - cumulative_ratio_acceptable_homographies_per_iter, 0.2, 4
2024-06-26 23:08:17,186 - logger - INFO - cumulative_average_number_of_kp_per_iter, 7850.0, 4
2024-06-26 23:08:17,186 - logger - INFO - cumulative_average_number_of_tp_per_iter, 5029.6, 4
2024-06-26 23:08:17,186 - logger - INFO - cumulative_repeatability_per_iter, 0.4487040104496731, 4
2024-06-26 23:08:27,753 - logger - INFO - cumulative_ratio_correct_homographies_per_iter, 1.0, 5
2024-06-26 23:08:27,753 - logger - INFO - cumulative_ratio_acceptable_homographies_per_iter, 0.2, 5
2024-06-26 23:08:27,753 - logger - INFO - cumulative_average_number_of_kp_per_iter, 7855.733333333334, 5
2024-06-26 23:08:27,753 - logger - INFO - cumulative_average_number_of_tp_per_iter, 5028.9, 5
2024-06-26 23:08:27,753 - logger - INFO - cumulative_repeatability_per_iter, 0.4424599679830866, 5
2024-06-26 23:08:37,104 - logger - INFO - cumulative_ratio_correct_homographies_per_iter, 1.0, 6
2024-06-26 23:08:37,104 - logger - INFO - cumulative_ratio_acceptable_homographies_per_iter, 0.2, 6
2024-06-26 23:08:37,104 - logger - INFO - cumulative_average_number_of_kp_per_iter, 7856.085714285714, 6
2024-06-26 23:08:37,104 - logger - INFO - cumulative_average_number_of_tp_per_iter, 5014.685714285714, 6
2024-06-26 23:08:37,104 - logger - INFO - cumulative_repeatability_per_iter, 0.4470628974935371, 6
2024-06-26 23:08:42,935 - logger - INFO - cumulative_ratio_correct_homographies_per_iter, 1.0, 7
2024-06-26 23:08:42,936 - logger - INFO - cumulative_ratio_acceptable_homographies_per_iter, 0.21052631578947367, 7
2024-06-26 23:08:42,936 - logger - INFO - cumulative_average_number_of_kp_per_iter, 7854.236842105263, 7
2024-06-26 23:08:42,936 - logger - INFO - cumulative_average_number_of_tp_per_iter, 4999.026315789473, 7
2024-06-26 23:08:42,936 - logger - INFO - cumulative_repeatability_per_iter, 0.4456426455515789, 7
2024-06-26 23:15:42,359 - logger - INFO - cumulative_ratio_correct_homographies_per_iter, 1.0, 0
2024-06-26 23:15:42,360 - logger - INFO - cumulative_ratio_acceptable_homographies_per_iter 0.2, 0
2024-06-26 23:15:42,360 - logger - INFO - cumulative_average_number_of_kp_per_iter 4203.6, 0
2024-06-26 23:15:42,360 - logger - INFO - cumulative_average_number_of_tp_per_iter 1841.2, 0
2024-06-26 23:15:42,360 - logger - INFO - cumulative_repeatability_per_iter, 0.3093113077732442, 0
2024-06-26 23:15:52,244 - logger - INFO - cumulative_ratio_correct_homographies_per_iter, 1.0, 1
2024-06-26 23:15:52,244 - logger - INFO - cumulative_ratio_acceptable_homographies_per_iter 0.2, 1
2024-06-26 23:15:52,244 - logger - INFO - cumulative_average_number_of_kp_per_iter 4252.5, 1
2024-06-26 23:15:52,244 - logger - INFO - cumulative_average_number_of_tp_per_iter 1820.4, 1
2024-06-26 23:15:52,244 - logger - INFO - cumulative_repeatability_per_iter, 0.30142356600574916, 1
2024-06-26 23:16:01,019 - logger - INFO - cumulative_ratio_correct_homographies_per_iter, 1.0, 2
2024-06-26 23:16:01,020 - logger - INFO - cumulative_ratio_acceptable_homographies_per_iter 0.2, 2
2024-06-26 23:16:01,020 - logger - INFO - cumulative_average_number_of_kp_per_iter 4363.933333333333, 2
2024-06-26 23:16:01,020 - logger - INFO - cumulative_average_number_of_tp_per_iter 1842.8666666666666, 2
2024-06-26 23:16:01,020 - logger - INFO - cumulative_repeatability_per_iter, 0.3011362294167637, 2
2024-06-26 23:16:10,145 - logger - INFO - cumulative_ratio_correct_homographies_per_iter, 1.0, 3
2024-06-26 23:16:10,146 - logger - INFO - cumulative_ratio_acceptable_homographies_per_iter 0.2, 3
2024-06-26 23:16:10,146 - logger - INFO - cumulative_average_number_of_kp_per_iter 4518.0, 3
2024-06-26 23:16:10,146 - logger - INFO - cumulative_average_number_of_tp_per_iter 2028.1, 3
2024-06-26 23:16:10,146 - logger - INFO - cumulative_repeatability_per_iter, 0.31047974141887563, 3
2024-06-26 23:16:20,112 - logger - INFO - cumulative_ratio_correct_homographies_per_iter, 1.0, 4
2024-06-26 23:16:20,113 - logger - INFO - cumulative_ratio_acceptable_homographies_per_iter 0.2, 4
2024-06-26 23:16:20,113 - logger - INFO - cumulative_average_number_of_kp_per_iter 4737.16, 4
2024-06-26 23:16:20,113 - logger - INFO - cumulative_average_number_of_tp_per_iter 2231.08, 4
2024-06-26 23:16:20,113 - logger - INFO - cumulative_repeatability_per_iter, 0.31713673215723026, 4
2024-06-26 23:16:30,989 - logger - INFO - cumulative_ratio_correct_homographies_per_iter, 1.0, 5
2024-06-26 23:16:30,989 - logger - INFO - cumulative_ratio_acceptable_homographies_per_iter 0.2, 5
2024-06-26 23:16:30,989 - logger - INFO - cumulative_average_number_of_kp_per_iter 4926.133333333333, 5
2024-06-26 23:16:30,989 - logger - INFO - cumulative_average_number_of_tp_per_iter 2429.0333333333333, 5
2024-06-26 23:16:30,989 - logger - INFO - cumulative_repeatability_per_iter, 0.32318189935093966, 5
2024-06-26 23:16:42,204 - logger - INFO - cumulative_ratio_correct_homographies_per_iter, 1.0, 6
2024-06-26 23:16:42,205 - logger - INFO - cumulative_ratio_acceptable_homographies_per_iter 0.2, 6
2024-06-26 23:16:42,205 - logger - INFO - cumulative_average_number_of_kp_per_iter 5084.714285714285, 6
2024-06-26 23:16:42,205 - logger - INFO - cumulative_average_number_of_tp_per_iter 2597.6, 6
2024-06-26 23:16:42,205 - logger - INFO - cumulative_repeatability_per_iter, 0.33038110744802157, 6
2024-06-26 23:16:54,024 - logger - INFO - cumulative_ratio_correct_homographies_per_iter, 1.0, 7
2024-06-26 23:16:54,025 - logger - INFO - cumulative_ratio_acceptable_homographies_per_iter 0.2, 7
2024-06-26 23:16:54,025 - logger - INFO - cumulative_average_number_of_kp_per_iter 5263.5, 7
2024-06-26 23:16:54,025 - logger - INFO - cumulative_average_number_of_tp_per_iter 2799.325, 7
2024-06-26 23:16:54,025 - logger - INFO - cumulative_repeatability_per_iter, 0.3385314520315192, 7
2024-06-26 23:17:06,629 - logger - INFO - cumulative_ratio_correct_homographies_per_iter, 1.0, 8
2024-06-26 23:17:06,631 - logger - INFO - cumulative_ratio_acceptable_homographies_per_iter 0.2, 8
2024-06-26 23:17:06,631 - logger - INFO - cumulative_average_number_of_kp_per_iter 5427.022222222222, 8
2024-06-26 23:17:06,631 - logger - INFO - cumulative_average_number_of_tp_per_iter 2958.6, 8
2024-06-26 23:17:06,631 - logger - INFO - cumulative_repeatability_per_iter, 0.34041593754198585, 8
2024-06-26 23:17:18,017 - logger - INFO - cumulative_ratio_correct_homographies_per_iter, 1.0, 9
2024-06-26 23:17:18,018 - logger - INFO - cumulative_ratio_acceptable_homographies_per_iter 0.2, 9
2024-06-26 23:17:18,018 - logger - INFO - cumulative_average_number_of_kp_per_iter 5552.58, 9
2024-06-26 23:17:18,018 - logger - INFO - cumulative_average_number_of_tp_per_iter 3103.52, 9
2024-06-26 23:17:18,018 - logger - INFO - cumulative_repeatability_per_iter, 0.3472988946716669, 9
2024-06-26 23:17:29,650 - logger - INFO - cumulative_ratio_correct_homographies_per_iter, 1.0, 10
2024-06-26 23:17:29,651 - logger - INFO - cumulative_ratio_acceptable_homographies_per_iter 0.2, 10
2024-06-26 23:17:29,651 - logger - INFO - cumulative_average_number_of_kp_per_iter 5667.145454545454, 10
2024-06-26 23:17:29,651 - logger - INFO - cumulative_average_number_of_tp_per_iter 3204.7090909090907, 10
2024-06-26 23:17:29,651 - logger - INFO - cumulative_repeatability_per_iter, 0.3505521700387354, 10
2024-06-26 23:17:41,244 - logger - INFO - cumulative_ratio_correct_homographies_per_iter, 1.0, 11
2024-06-26 23:17:41,245 - logger - INFO - cumulative_ratio_acceptable_homographies_per_iter 0.2, 11
2024-06-26 23:17:41,245 - logger - INFO - cumulative_average_number_of_kp_per_iter 5745.383333333333, 11
2024-06-26 23:17:41,245 - logger - INFO - cumulative_average_number_of_tp_per_iter 3303.0, 11
2024-06-26 23:17:41,245 - logger - INFO - cumulative_repeatability_per_iter, 0.3560436069264417, 11
2024-06-26 23:17:52,834 - logger - INFO - cumulative_ratio_correct_homographies_per_iter, 1.0, 12
2024-06-26 23:17:52,834 - logger - INFO - cumulative_ratio_acceptable_homographies_per_iter 0.2, 12
2024-06-26 23:17:52,834 - logger - INFO - cumulative_average_number_of_kp_per_iter 5826.430769230769, 12
2024-06-26 23:17:52,834 - logger - INFO - cumulative_average_number_of_tp_per_iter 3360.846153846154, 12
2024-06-26 23:17:52,834 - logger - INFO - cumulative_repeatability_per_iter, 0.3584963010855193, 12
2024-06-26 23:18:04,545 - logger - INFO - cumulative_ratio_correct_homographies_per_iter, 1.0, 13
2024-06-26 23:18:04,545 - logger - INFO - cumulative_ratio_acceptable_homographies_per_iter 0.2, 13
2024-06-26 23:18:04,545 - logger - INFO - cumulative_average_number_of_kp_per_iter 5884.357142857143, 13
2024-06-26 23:18:04,545 - logger - INFO - cumulative_average_number_of_tp_per_iter 3434.5857142857144, 13
2024-06-26 23:18:04,545 - logger - INFO - cumulative_repeatability_per_iter, 0.36079878384152586, 13
2024-06-26 23:18:15,839 - logger - INFO - cumulative_ratio_correct_homographies_per_iter, 1.0, 14
2024-06-26 23:18:15,840 - logger - INFO - cumulative_ratio_acceptable_homographies_per_iter 0.2, 14
2024-06-26 23:18:15,840 - logger - INFO - cumulative_average_number_of_kp_per_iter 5911.746666666667, 14
2024-06-26 23:18:15,840 - logger - INFO - cumulative_average_number_of_tp_per_iter 3469.5466666666666, 14
2024-06-26 23:18:15,840 - logger - INFO - cumulative_repeatability_per_iter, 0.36353176431865697, 14
2024-06-26 23:18:26,887 - logger - INFO - cumulative_ratio_correct_homographies_per_iter, 1.0, 15
2024-06-26 23:18:26,888 - logger - INFO - cumulative_ratio_acceptable_homographies_per_iter 0.2, 15
2024-06-26 23:18:26,888 - logger - INFO - cumulative_average_number_of_kp_per_iter 5927.2625, 15
2024-06-26 23:18:26,888 - logger - INFO - cumulative_average_number_of_tp_per_iter 3474.8625, 15
2024-06-26 23:18:26,888 - logger - INFO - cumulative_repeatability_per_iter, 0.3645174128996048, 15
2024-06-26 23:18:38,523 - logger - INFO - cumulative_ratio_correct_homographies_per_iter, 1.0, 16
2024-06-26 23:18:38,524 - logger - INFO - cumulative_ratio_acceptable_homographies_per_iter 0.2, 16
2024-06-26 23:18:38,524 - logger - INFO - cumulative_average_number_of_kp_per_iter 5947.2588235294115, 16
2024-06-26 23:18:38,524 - logger - INFO - cumulative_average_number_of_tp_per_iter 3497.141176470588, 16
2024-06-26 23:18:38,524 - logger - INFO - cumulative_repeatability_per_iter, 0.3686977463394831, 16
2024-06-26 23:18:49,568 - logger - INFO - cumulative_ratio_correct_homographies_per_iter, 1.0, 17
2024-06-26 23:18:49,569 - logger - INFO - cumulative_ratio_acceptable_homographies_per_iter 0.2, 17
2024-06-26 23:18:49,569 - logger - INFO - cumulative_average_number_of_kp_per_iter 5959.711111111111, 17
2024-06-26 23:18:49,569 - logger - INFO - cumulative_average_number_of_tp_per_iter 3502.3555555555554, 17
2024-06-26 23:18:49,569 - logger - INFO - cumulative_repeatability_per_iter, 0.36977526460852683, 17
2024-06-26 23:19:01,280 - logger - INFO - cumulative_ratio_correct_homographies_per_iter, 1.0, 18
2024-06-26 23:19:01,281 - logger - INFO - cumulative_ratio_acceptable_homographies_per_iter 0.2, 18
2024-06-26 23:19:01,281 - logger - INFO - cumulative_average_number_of_kp_per_iter 5978.126315789474, 18
2024-06-26 23:19:01,281 - logger - INFO - cumulative_average_number_of_tp_per_iter 3526.8947368421054, 18
2024-06-26 23:19:01,281 - logger - INFO - cumulative_repeatability_per_iter, 0.36903283286388466, 18
2024-06-26 23:19:06,012 - logger - INFO - cumulative_ratio_correct_homographies_per_iter, 1.0, 19
2024-06-26 23:19:06,012 - logger - INFO - cumulative_ratio_acceptable_homographies_per_iter 0.20833333333333334, 19
2024-06-26 23:19:06,012 - logger - INFO - cumulative_average_number_of_kp_per_iter 5982.458333333333, 19
2024-06-26 23:19:06,012 - logger - INFO - cumulative_average_number_of_tp_per_iter 3525.375, 19
2024-06-26 23:19:06,012 - logger - INFO - cumulative_repeatability_per_iter, 0.3691462941917849, 19
2024-06-26 23:19:51,164 - logger - INFO - cumulative_ratio_correct_homographies_per_iter, 1.0, 0
2024-06-26 23:19:51,165 - logger - INFO - cumulative_ratio_acceptable_homographies_per_iter, 0.2, 0
2024-06-26 23:19:51,165 - logger - INFO - cumulative_average_number_of_kp_per_iter, 7841.8, 0
2024-06-26 23:19:51,165 - logger - INFO - cumulative_average_number_of_tp_per_iter, 5020.0, 0
2024-06-26 23:19:51,165 - logger - INFO - cumulative_repeatability_per_iter, 0.4349482993994787, 0
2024-06-26 23:20:01,102 - logger - INFO - cumulative_ratio_correct_homographies_per_iter, 1.0, 1
2024-06-26 23:20:01,104 - logger - INFO - cumulative_ratio_acceptable_homographies_per_iter, 0.2, 1
2024-06-26 23:20:01,104 - logger - INFO - cumulative_average_number_of_kp_per_iter, 7846.0, 1
2024-06-26 23:20:01,104 - logger - INFO - cumulative_average_number_of_tp_per_iter, 5169.9, 1
2024-06-26 23:20:01,104 - logger - INFO - cumulative_repeatability_per_iter, 0.4429659529707591, 1
2024-06-26 23:20:11,168 - logger - INFO - cumulative_ratio_correct_homographies_per_iter, 1.0, 2
2024-06-26 23:20:11,168 - logger - INFO - cumulative_ratio_acceptable_homographies_per_iter, 0.2, 2
2024-06-26 23:20:11,168 - logger - INFO - cumulative_average_number_of_kp_per_iter, 7845.866666666667, 2
2024-06-26 23:20:11,168 - logger - INFO - cumulative_average_number_of_tp_per_iter, 5052.866666666667, 2
2024-06-26 23:20:11,168 - logger - INFO - cumulative_repeatability_per_iter, 0.44215628362514797, 2
2024-06-26 23:20:20,114 - logger - INFO - cumulative_ratio_correct_homographies_per_iter, 1.0, 3
2024-06-26 23:20:20,114 - logger - INFO - cumulative_ratio_acceptable_homographies_per_iter, 0.2, 3
2024-06-26 23:20:20,114 - logger - INFO - cumulative_average_number_of_kp_per_iter, 7845.8, 3
2024-06-26 23:20:20,114 - logger - INFO - cumulative_average_number_of_tp_per_iter, 5040.25, 3
2024-06-26 23:20:20,114 - logger - INFO - cumulative_repeatability_per_iter, 0.4519189539155947, 3
2024-06-26 23:20:29,273 - logger - INFO - cumulative_ratio_correct_homographies_per_iter, 1.0, 4
2024-06-26 23:20:29,273 - logger - INFO - cumulative_ratio_acceptable_homographies_per_iter, 0.2, 4
2024-06-26 23:20:29,273 - logger - INFO - cumulative_average_number_of_kp_per_iter, 7850.0, 4
2024-06-26 23:20:29,273 - logger - INFO - cumulative_average_number_of_tp_per_iter, 5029.6, 4
2024-06-26 23:20:29,273 - logger - INFO - cumulative_repeatability_per_iter, 0.4487040104496731, 4
2024-06-26 23:20:39,283 - logger - INFO - cumulative_ratio_correct_homographies_per_iter, 1.0, 5
2024-06-26 23:20:39,284 - logger - INFO - cumulative_ratio_acceptable_homographies_per_iter, 0.2, 5
2024-06-26 23:20:39,284 - logger - INFO - cumulative_average_number_of_kp_per_iter, 7855.733333333334, 5
2024-06-26 23:20:39,284 - logger - INFO - cumulative_average_number_of_tp_per_iter, 5028.9, 5
2024-06-26 23:20:39,284 - logger - INFO - cumulative_repeatability_per_iter, 0.4424599679830866, 5
2024-06-26 23:20:49,373 - logger - INFO - cumulative_ratio_correct_homographies_per_iter, 1.0, 6
2024-06-26 23:20:49,373 - logger - INFO - cumulative_ratio_acceptable_homographies_per_iter, 0.2, 6
2024-06-26 23:20:49,373 - logger - INFO - cumulative_average_number_of_kp_per_iter, 7856.085714285714, 6
2024-06-26 23:20:49,373 - logger - INFO - cumulative_average_number_of_tp_per_iter, 5014.685714285714, 6
2024-06-26 23:20:49,373 - logger - INFO - cumulative_repeatability_per_iter, 0.4470628974935371, 6
2024-06-26 23:20:55,292 - logger - INFO - cumulative_ratio_correct_homographies_per_iter, 1.0, 7
2024-06-26 23:20:55,292 - logger - INFO - cumulative_ratio_acceptable_homographies_per_iter, 0.21052631578947367, 7
2024-06-26 23:20:55,292 - logger - INFO - cumulative_average_number_of_kp_per_iter, 7854.236842105263, 7
2024-06-26 23:20:55,292 - logger - INFO - cumulative_average_number_of_tp_per_iter, 4999.026315789473, 7
2024-06-26 23:20:55,292 - logger - INFO - cumulative_repeatability_per_iter, 0.4456426455515789, 7
